[debug] [2023-03-06T14:10:25.869Z] ----------------------------------------------------------------------
[debug] [2023-03-06T14:10:25.870Z] Command:       C:\Program Files\nodejs\node.exe C:\Users\llopo\AppData\Roaming\npm\node_modules\firebase-tools\lib\bin\firebase.js login
[debug] [2023-03-06T14:10:25.871Z] CLI Version:   11.24.0
[debug] [2023-03-06T14:10:25.871Z] Platform:      win32
[debug] [2023-03-06T14:10:25.871Z] Node Version:  v18.14.2
[debug] [2023-03-06T14:10:25.872Z] Time:          Mon Mar 06 2023 22:10:25 GMT+0800 (Philippine Standard Time)
[debug] [2023-03-06T14:10:25.873Z] ----------------------------------------------------------------------
[debug] 
[debug] [2023-03-06T14:10:25.875Z] >>> [apiv2][query] GET https://firebase-public.firebaseio.com/cli.json [none]
[info] i  Firebase optionally collects CLI and Emulator Suite usage and error reporting information to help improve our products. Data is collected in accordance with Google's privacy policy (https://policies.google.com/privacy) and is not used to identify you.
 
[debug] [2023-03-06T14:10:28.180Z] <<< [apiv2][status] GET https://firebase-public.firebaseio.com/cli.json 200
[debug] [2023-03-06T14:10:28.181Z] <<< [apiv2][body] GET https://firebase-public.firebaseio.com/cli.json {"cloudBuildErrorAfter":1594252800000,"cloudBuildWarnAfter":1590019200000,"defaultNode10After":1594252800000,"minVersion":"3.0.5","node8DeploysDisabledAfter":1613390400000,"node8RuntimeDisabledAfter":1615809600000,"node8WarnAfter":1600128000000}
[info] 
[info] Visit this URL on this device to log in:
[info] https://accounts.google.com/o/oauth2/auth?client_id=563584335869-fgrhgmd47bqnekij5i8b5pr03ho849e6.apps.googleusercontent.com&scope=email%20openid%20https%3A%2F%2Fwww.googleapis.com%2Fauth%2Fcloudplatformprojects.readonly%20https%3A%2F%2Fwww.googleapis.com%2Fauth%2Ffirebase%20https%3A%2F%2Fwww.googleapis.com%2Fauth%2Fcloud-platform&response_type=code&state=883077354&redirect_uri=http%3A%2F%2Flocalhost%3A9005
[info] 
[info] Waiting for authentication...
[debug] [2023-03-06T14:11:09.611Z] >>> [apiv2][query] POST https://auth.firebase.tools/attest [none]
[debug] [2023-03-06T14:11:09.611Z] >>> [apiv2][body] POST https://auth.firebase.tools/attest {"session_id":"42202049-bbbb-4c03-83b6-546d7cba9469"}
[debug] [2023-03-06T14:11:10.548Z] <<< [apiv2][status] POST https://auth.firebase.tools/attest 200
[debug] [2023-03-06T14:11:10.548Z] <<< [apiv2][body] POST https://auth.firebase.tools/attest {"token":"emNO2vN0shc67pTaNnw068TqXsC_gzp814hVxmJG9KA"}
[info] 
[info] To sign in to the Firebase CLI:
[info] 
[info] 1. Take note of your session ID:
[info] 
[info]    42202
[info] 
[info] 2. Visit the URL below on any device and follow the instructions to get your code:
[info] 
[info]    https://auth.firebase.tools/login?code_challenge=P9pghdtM6981Z5j5O7R6Fiq8Vq2Cfx1ePPgJPoOR8nA&session=42202049-bbbb-4c03-83b6-546d7cba9469&attest=emNO2vN0shc67pTaNnw068TqXsC_gzp814hVxmJG9KA
[info] 
[info] 3. Paste or enter the authorization code below once you have it:
[info] 
